=== 白エリア検出ログ ===
タイムスタンプ: 2025-12-19T04:43:43.189Z
画像サイズ: 2048x2048

--- 検出パラメータ ---
輝度閾値: 0.9
最小面積比: 0.005
最小矩形度: 0.65
最小ベゼルスコア: 0.4
ベゼル幅: 15px
暗い閾値: 0.25
最小ベゼル辺数: 2

--- 検出ステージ ---
白ピクセル数: 1054286 (25.14%)
候補領域数: 17
面積フィルタ後: 1
矩形度フィルタ後: 0
ベゼルスコアフィルタ後: 0
ベゼル辺数フィルタ後: 0

--- 候補領域一覧 ---
  [0] 1388x1555 at (308,225) - 1054217px (25.134%)
  [1] 5x7 at (186,582) - 15px (0.000%)
  [2] 9x1 at (192,591) - 9px (0.000%)
  [3] 1x1 at (201,592) - 1px (0.000%)
  [4] 6x2 at (186,593) - 12px (0.000%)
  [5] 1x4 at (202,593) - 4px (0.000%)
  [6] 5x2 at (192,596) - 7px (0.000%)
  [7] 2x2 at (202,598) - 3px (0.000%)
  [8] 1x2 at (205,598) - 2px (0.000%)
  [9] 2x1 at (1770,1284) - 2px (0.000%)
  ... 他 7 件

--- フィルタ除外理由 ---
  [0] LOW_RECTANGULARITY - 面積比:25.134% 矩形度:0.488 
  [1] AREA_TOO_SMALL - 面積比:0.000% 
  [2] AREA_TOO_SMALL - 面積比:0.000% 
  [3] AREA_TOO_SMALL - 面積比:0.000% 
  [4] AREA_TOO_SMALL - 面積比:0.000% 
  [5] AREA_TOO_SMALL - 面積比:0.000% 
  [6] AREA_TOO_SMALL - 面積比:0.000% 
  [7] AREA_TOO_SMALL - 面積比:0.000% 
  [8] AREA_TOO_SMALL - 面積比:0.000% 
  [9] AREA_TOO_SMALL - 面積比:0.000% 
  ... 他 7 件

--- 検出結果 ---
検出された領域はありません

--- サマリー ---
結果: 失敗
検出数: 0
メッセージ: 白エリアが検出されませんでした。白ピクセル比率: 25.14%, 候補領域数: 17, フィルタ後: 0