=== ガイドライン変換デバッグ ===
PreviewModal.tsx:1300 corners座標:
PreviewModal.tsx:1302   corner[0]: (1100.0, 184.1)
PreviewModal.tsx:1302   corner[1]: (1752.0, 348.1)
PreviewModal.tsx:1302   corner[2]: (928.0, 1868.1)
PreviewModal.tsx:1302   corner[3]: (279.1, 1567.7)
PreviewModal.tsx:1326 edge01 (corner0→1): Object
PreviewModal.tsx:1333 edge12 (corner1→2): Object
PreviewModal.tsx:1359 エッジ角度分析:
PreviewModal.tsx:1360   edge01: 角度=14.1°, 水平偏差=14.1°
PreviewModal.tsx:1361   edge12: 角度=118.5°, 水平偏差=61.5°
PreviewModal.tsx:1367 選択結果: edge01(より水平)を幅、edge12を高さとして選択
PreviewModal.tsx:1383 変換パラメータ:
PreviewModal.tsx:1384   guideWidth: 672.3
PreviewModal.tsx:1385   guideHeight: 1729.0
PreviewModal.tsx:1386   widthEdge角度: 0.246 rad = 14.1 deg
PreviewModal.tsx:1387   heightEdge角度: 2.068 rad = 118.5 deg
PreviewModal.tsx:1388   rotationAngle (heightEdge-90°): 0.497 rad = 28.5 deg
PreviewModal.tsx:1401   fitMode: contain
PreviewModal.tsx:1402   scaleToFitWidth: 0.7011, scaleToFitHeight: 1.0141
PreviewModal.tsx:1403   imageScale: 0.7011
PreviewModal.tsx:1420 回転行列:
PreviewModal.tsx:1421   cos(angle)=0.8791, sin(angle)=0.4766
PreviewModal.tsx:1422   ux=0.8791, uy=0.4766 (画像X軸方向)
PreviewModal.tsx:1423   vx=-0.4766, vy=0.8791 (画像Y軸方向)
PreviewModal.tsx:1433 描画位置:
PreviewModal.tsx:1434   ガイド中心: (1014.8, 992.0)
PreviewModal.tsx:1435   描画開始点: (1004.1, 306.4)
PreviewModal.tsx:1436   スケール後画像サイズ: 672.3x1195.3
PreviewModal.tsx:1437 === デバッグ終了 ===
PreviewModal.tsx:1559 デバッグ可視化完了: 赤=0, 緑=1, 青=2, 黄=3, マゼンタ=幅(水平に近い), シアン=高さ(垂直に近い)