chunk-LPF6KSF2.js?v=2ea923c2:521 Warning: validateDOMNesting(...): <button> cannot appear as a descendant of <button>.
    at button
    at button
    at div
    at div
    at div
    at div
    at PreviewModal (http://127.0.0.1:5175/src/features/mockup/gallery/components/PreviewModal.tsx?t=1766333127055:334:32)
    at div
    at MockupGallery (http://127.0.0.1:5175/src/features/mockup/gallery/MockupGallery.tsx?t=1766333127055:36:33)
    at ErrorBoundary (http://127.0.0.1:5175/src/components/ErrorBoundary.tsx:7:5)
    at App (http://127.0.0.1:5175/src/App.tsx?t=1766333127055:25:27)

PreviewModal.tsx:893 [drawOverlay] Called with regions: 2 selectedIdx: 0
PreviewModal.tsx:924 [drawOverlay] Second pass check - selectedIdx: 0 regions.length: 2
PreviewModal.tsx:930 [drawOverlay] Drawing selected region with corners: 
(4) [{…}, {…}, {…}, {…}]
PreviewModal.tsx:955 [drawOverlay] Drawing corner handles, radius: 20
PreviewModal.tsx:957 [drawOverlay] Corner 0 : 476 588
PreviewModal.tsx:957 [drawOverlay] Corner 1 : 1397 588
PreviewModal.tsx:957 [drawOverlay] Corner 2 : 1397 1253
PreviewModal.tsx:957 [drawOverlay] Corner 3 : 476 1253