PreviewModal.tsx:1696 Unable to preventDefault inside passive event listener invocation.
preventDefault @ chunk-LPF6KSF2.js?v=2ea923c2:5775
（匿名） @ PreviewModal.tsx:1696
callCallback2 @ chunk-LPF6KSF2.js?v=2ea923c2:3680
invokeGuardedCallbackDev @ chunk-LPF6KSF2.js?v=2ea923c2:3705
invokeGuardedCallback @ chunk-LPF6KSF2.js?v=2ea923c2:3739
invokeGuardedCallbackAndCatchFirstError @ chunk-LPF6KSF2.js?v=2ea923c2:3742
executeDispatch @ chunk-LPF6KSF2.js?v=2ea923c2:7046
processDispatchQueueItemsInOrder @ chunk-LPF6KSF2.js?v=2ea923c2:7066
processDispatchQueue @ chunk-LPF6KSF2.js?v=2ea923c2:7075
dispatchEventsForPlugins @ chunk-LPF6KSF2.js?v=2ea923c2:7083
（匿名） @ chunk-LPF6KSF2.js?v=2ea923c2:7206
batchedUpdates$1 @ chunk-LPF6KSF2.js?v=2ea923c2:18966
batchedUpdates @ chunk-LPF6KSF2.js?v=2ea923c2:3585
dispatchEventForPluginEventSystem @ chunk-LPF6KSF2.js?v=2ea923c2:7205
dispatchEventWithEnableCapturePhaseSelectiveHydrationWithoutDiscreteEventReplay @ chunk-LPF6KSF2.js?v=2ea923c2:5484
dispatchEvent @ chunk-LPF6KSF2.js?v=2ea923c2:5478
dispatchDiscreteEvent @ chunk-LPF6KSF2.js?v=2ea923c2:5455このエラーを分析
PreviewModal.tsx:1713 Unable to preventDefault inside passive event listener invocation.
preventDefault @ chunk-LPF6KSF2.js?v=2ea923c2:5775
（匿名） @ PreviewModal.tsx:1713
callCallback2 @ chunk-LPF6KSF2.js?v=2ea923c2:3680
invokeGuardedCallbackDev @ chunk-LPF6KSF2.js?v=2ea923c2:3705
invokeGuardedCallback @ chunk-LPF6KSF2.js?v=2ea923c2:3739
invokeGuardedCallbackAndCatchFirstError @ chunk-LPF6KSF2.js?v=2ea923c2:3742
executeDispatch @ chunk-LPF6KSF2.js?v=2ea923c2:7046
processDispatchQueueItemsInOrder @ chunk-LPF6KSF2.js?v=2ea923c2:7066
processDispatchQueue @ chunk-LPF6KSF2.js?v=2ea923c2:7075
dispatchEventsForPlugins @ chunk-LPF6KSF2.js?v=2ea923c2:7083
（匿名） @ chunk-LPF6KSF2.js?v=2ea923c2:7206
batchedUpdates$1 @ chunk-LPF6KSF2.js?v=2ea923c2:18966
batchedUpdates @ chunk-LPF6KSF2.js?v=2ea923c2:3585
dispatchEventForPluginEventSystem @ chunk-LPF6KSF2.js?v=2ea923c2:7205
dispatchEventWithEnableCapturePhaseSelectiveHydrationWithoutDiscreteEventReplay @ chunk-LPF6KSF2.js?v=2ea923c2:5484
dispatchEvent @ chunk-LPF6KSF2.js?v=2ea923c2:5478
dispatchContinuousEvent @ chunk-LPF6KSF2.js?v=2ea923c2:5467このエラーを分析
PreviewModal.tsx:1713 Unable to preventDefault inside passive event listener invocation.
preventDefault @ chunk-LPF6KSF2.js?v=2ea923c2:5775
（匿名） @ PreviewModal.tsx:1713
callCallback2 @ chunk-LPF6KSF2.js?v=2ea923c2:3680
invokeGuardedCallbackDev @ chunk-LPF6KSF2.js?v=2ea923c2:3705
invokeGuardedCallback @ chunk-LPF6KSF2.js?v=2ea923c2:3739
invokeGuardedCallbackAndCatchFirstError @ chunk-LPF6KSF2.js?v=2ea923c2:3742
executeDispatch @ chunk-LPF6KSF2.js?v=2ea923c2:7046
processDispatchQueueItemsInOrder @ chunk-LPF6KSF2.js?v=2ea923c2:7066
processDispatchQueue @ chunk-LPF6KSF2.js?v=2ea923c2:7075
dispatchEventsForPlugins @ chunk-LPF6KSF2.js?v=2ea923c2:7083
（匿名） @ chunk-LPF6KSF2.js?v=2ea923c2:7206
batchedUpdates$1 @ chunk-LPF6KSF2.js?v=2ea923c2:18966
batchedUpdates @ chunk-LPF6KSF2.js?v=2ea923c2:3585
dispatchEventForPluginEventSystem @ chunk-LPF6KSF2.js?v=2ea923c2:7205
dispatchEventWithEnableCapturePhaseSelectiveHydrationWithoutDiscreteEventReplay @ chunk-LPF6KSF2.js?v=2ea923c2:5484
dispatchEvent @ chunk-LPF6KSF2.js?v=2ea923c2:5478
dispatchContinuousEvent @ chunk-LPF6KSF2.js?v=2ea923c2:5467このエラーを分析
PreviewModal.tsx:1713 Unable to preventDefault inside passive event listener invocation.
preventDefault @ chunk-LPF6KSF2.js?v=2ea923c2:5775
（匿名） @ PreviewModal.tsx:1713
callCallback2 @ chunk-LPF6KSF2.js?v=2ea923c2:3680
invokeGuardedCallbackDev @ chunk-LPF6KSF2.js?v=2ea923c2:3705
invokeGuardedCallback @ chunk-LPF6KSF2.js?v=2ea923c2:3739
invokeGuardedCallbackAndCatchFirstError @ chunk-LPF6KSF2.js?v=2ea923c2:3742
executeDispatch @ chunk-LPF6KSF2.js?v=2ea923c2:7046
processDispatchQueueItemsInOrder @ chunk-LPF6KSF2.js?v=2ea923c2:7066
processDispatchQueue @ chunk-LPF6KSF2.js?v=2ea923c2:7075
dispatchEventsForPlugins @ chunk-LPF6KSF2.js?v=2ea923c2:7083
（匿名） @ chunk-LPF6KSF2.js?v=2ea923c2:7206
batchedUpdates$1 @ chunk-LPF6KSF2.js?v=2ea923c2:18966
batchedUpdates @ chunk-LPF6KSF2.js?v=2ea923c2:3585
dispatchEventForPluginEventSystem @ chunk-LPF6KSF2.js?v=2ea923c2:7205
dispatchEventWithEnableCapturePhaseSelectiveHydrationWithoutDiscreteEventReplay @ chunk-LPF6KSF2.js?v=2ea923c2:5484
dispatchEvent @ chunk-LPF6KSF2.js?v=2ea923c2:5478
dispatchContinuousEvent @ chunk-LPF6KSF2.js?v=2ea923c2:5467このエラーを分析
PreviewModal.tsx:1713 Unable to preventDefault inside passive event listener invocation.
preventDefault @ chunk-LPF6KSF2.js?v=2ea923c2:5775
（匿名） @ PreviewModal.tsx:1713
callCallback2 @ chunk-LPF6KSF2.js?v=2ea923c2:3680
invokeGuardedCallbackDev @ chunk-LPF6KSF2.js?v=2ea923c2:3705
invokeGuardedCallback @ chunk-LPF6KSF2.js?v=2ea923c2:3739
invokeGuardedCallbackAndCatchFirstError @ chunk-LPF6KSF2.js?v=2ea923c2:3742
executeDispatch @ chunk-LPF6KSF2.js?v=2ea923c2:7046
processDispatchQueueItemsInOrder @ chunk-LPF6KSF2.js?v=2ea923c2:7066
processDispatchQueue @ chunk-LPF6KSF2.js?v=2ea923c2:7075
dispatchEventsForPlugins @ chunk-LPF6KSF2.js?v=2ea923c2:7083
（匿名） @ chunk-LPF6KSF2.js?v=2ea923c2:7206
batchedUpdates$1 @ chunk-LPF6KSF2.js?v=2ea923c2:18966
batchedUpdates @ chunk-LPF6KSF2.js?v=2ea923c2:3585
dispatchEventForPluginEventSystem @ chunk-LPF6KSF2.js?v=2ea923c2:7205
dispatchEventWithEnableCapturePhaseSelectiveHydrationWithoutDiscreteEventReplay @ chunk-LPF6KSF2.js?v=2ea923c2:5484
dispatchEvent @ chunk-LPF6KSF2.js?v=2ea923c2:5478
dispatchContinuousEvent @ chunk-LPF6KSF2.js?v=2ea923c2:5467このエラーを分析
PreviewModal.tsx:1713 Unable to preventDefault inside passive event listener invocation.
preventDefault @ chunk-LPF6KSF2.js?v=2ea923c2:5775
（匿名） @ PreviewModal.tsx:1713
callCallback2 @ chunk-LPF6KSF2.js?v=2ea923c2:3680
invokeGuardedCallbackDev @ chunk-LPF6KSF2.js?v=2ea923c2:3705
invokeGuardedCallback @ chunk-LPF6KSF2.js?v=2ea923c2:3739
invokeGuardedCallbackAndCatchFirstError @ chunk-LPF6KSF2.js?v=2ea923c2:3742
executeDispatch @ chunk-LPF6KSF2.js?v=2ea923c2:7046
processDispatchQueueItemsInOrder @ chunk-LPF6KSF2.js?v=2ea923c2:7066
processDispatchQueue @ chunk-LPF6KSF2.js?v=2ea923c2:7075
dispatchEventsForPlugins @ chunk-LPF6KSF2.js?v=2ea923c2:7083
（匿名） @ chunk-LPF6KSF2.js?v=2ea923c2:7206
batchedUpdates$1 @ chunk-LPF6KSF2.js?v=2ea923c2:18966
batchedUpdates @ chunk-LPF6KSF2.js?v=2ea923c2:3585
dispatchEventForPluginEventSystem @ chunk-LPF6KSF2.js?v=2ea923c2:7205
dispatchEventWithEnableCapturePhaseSelectiveHydrationWithoutDiscreteEventReplay @ chunk-LPF6KSF2.js?v=2ea923c2:5484
dispatchEvent @ chunk-LPF6KSF2.js?v=2ea923c2:5478
dispatchContinuousEvent @ chunk-LPF6KSF2.js?v=2ea923c2:5467このエラーを分析
PreviewModal.tsx:1713 Unable to preventDefault inside passive event listener invocation.
preventDefault @ chunk-LPF6KSF2.js?v=2ea923c2:5775
（匿名） @ PreviewModal.tsx:1713
callCallback2 @ chunk-LPF6KSF2.js?v=2ea923c2:3680
invokeGuardedCallbackDev @ chunk-LPF6KSF2.js?v=2ea923c2:3705
invokeGuardedCallback @ chunk-LPF6KSF2.js?v=2ea923c2:3739
invokeGuardedCallbackAndCatchFirstError @ chunk-LPF6KSF2.js?v=2ea923c2:3742
executeDispatch @ chunk-LPF6KSF2.js?v=2ea923c2:7046
processDispatchQueueItemsInOrder @ chunk-LPF6KSF2.js?v=2ea923c2:7066
processDispatchQueue @ chunk-LPF6KSF2.js?v=2ea923c2:7075
dispatchEventsForPlugins @ chunk-LPF6KSF2.js?v=2ea923c2:7083
（匿名） @ chunk-LPF6KSF2.js?v=2ea923c2:7206
batchedUpdates$1 @ chunk-LPF6KSF2.js?v=2ea923c2:18966
batchedUpdates @ chunk-LPF6KSF2.js?v=2ea923c2:3585
dispatchEventForPluginEventSystem @ chunk-LPF6KSF2.js?v=2ea923c2:7205
dispatchEventWithEnableCapturePhaseSelectiveHydrationWithoutDiscreteEventReplay @ chunk-LPF6KSF2.js?v=2ea923c2:5484
dispatchEvent @ chunk-LPF6KSF2.js?v=2ea923c2:5478
dispatchContinuousEvent @ chunk-LPF6KSF2.js?v=2ea923c2:5467このエラーを分析
PreviewModal.tsx:1713 Unable to preventDefault inside passive event listener invocation.
preventDefault @ chunk-LPF6KSF2.js?v=2ea923c2:5775
（匿名） @ PreviewModal.tsx:1713
callCallback2 @ chunk-LPF6KSF2.js?v=2ea923c2:3680
invokeGuardedCallbackDev @ chunk-LPF6KSF2.js?v=2ea923c2:3705
invokeGuardedCallback @ chunk-LPF6KSF2.js?v=2ea923c2:3739
invokeGuardedCallbackAndCatchFirstError @ chunk-LPF6KSF2.js?v=2ea923c2:3742
executeDispatch @ chunk-LPF6KSF2.js?v=2ea923c2:7046
processDispatchQueueItemsInOrder @ chunk-LPF6KSF2.js?v=2ea923c2:7066
processDispatchQueue @ chunk-LPF6KSF2.js?v=2ea923c2:7075
dispatchEventsForPlugins @ chunk-LPF6KSF2.js?v=2ea923c2:7083
（匿名） @ chunk-LPF6KSF2.js?v=2ea923c2:7206
batchedUpdates$1 @ chunk-LPF6KSF2.js?v=2ea923c2:18966
batchedUpdates @ chunk-LPF6KSF2.js?v=2ea923c2:3585
dispatchEventForPluginEventSystem @ chunk-LPF6KSF2.js?v=2ea923c2:7205
dispatchEventWithEnableCapturePhaseSelectiveHydrationWithoutDiscreteEventReplay @ chunk-LPF6KSF2.js?v=2ea923c2:5484
dispatchEvent @ chunk-LPF6KSF2.js?v=2ea923c2:5478
dispatchContinuousEvent @ chunk-LPF6KSF2.js?v=2ea923c2:5467このエラーを分析
PreviewModal.tsx:1713 Unable to preventDefault inside passive event listener invocation.
preventDefault @ chunk-LPF6KSF2.js?v=2ea923c2:5775
（匿名） @ PreviewModal.tsx:1713
callCallback2 @ chunk-LPF6KSF2.js?v=2ea923c2:3680
invokeGuardedCallbackDev @ chunk-LPF6KSF2.js?v=2ea923c2:3705
invokeGuardedCallback @ chunk-LPF6KSF2.js?v=2ea923c2:3739
invokeGuardedCallbackAndCatchFirstError @ chunk-LPF6KSF2.js?v=2ea923c2:3742
executeDispatch @ chunk-LPF6KSF2.js?v=2ea923c2:7046
processDispatchQueueItemsInOrder @ chunk-LPF6KSF2.js?v=2ea923c2:7066
processDispatchQueue @ chunk-LPF6KSF2.js?v=2ea923c2:7075
dispatchEventsForPlugins @ chunk-LPF6KSF2.js?v=2ea923c2:7083
（匿名） @ chunk-LPF6KSF2.js?v=2ea923c2:7206
batchedUpdates$1 @ chunk-LPF6KSF2.js?v=2ea923c2:18966
batchedUpdates @ chunk-LPF6KSF2.js?v=2ea923c2:3585
dispatchEventForPluginEventSystem @ chunk-LPF6KSF2.js?v=2ea923c2:7205
dispatchEventWithEnableCapturePhaseSelectiveHydrationWithoutDiscreteEventReplay @ chunk-LPF6KSF2.js?v=2ea923c2:5484
dispatchEvent @ chunk-LPF6KSF2.js?v=2ea923c2:5478
dispatchContinuousEvent @ chunk-LPF6KSF2.js?v=2ea923c2:5467このエラーを分析
PreviewModal.tsx:1713 Unable to preventDefault inside passive event listener invocation.
preventDefault @ chunk-LPF6KSF2.js?v=2ea923c2:5775
（匿名） @ PreviewModal.tsx:1713
callCallback2 @ chunk-LPF6KSF2.js?v=2ea923c2:3680
invokeGuardedCallbackDev @ chunk-LPF6KSF2.js?v=2ea923c2:3705
invokeGuardedCallback @ chunk-LPF6KSF2.js?v=2ea923c2:3739
invokeGuardedCallbackAndCatchFirstError @ chunk-LPF6KSF2.js?v=2ea923c2:3742
executeDispatch @ chunk-LPF6KSF2.js?v=2ea923c2:7046
processDispatchQueueItemsInOrder @ chunk-LPF6KSF2.js?v=2ea923c2:7066
processDispatchQueue @ chunk-LPF6KSF2.js?v=2ea923c2:7075
dispatchEventsForPlugins @ chunk-LPF6KSF2.js?v=2ea923c2:7083
（匿名） @ chunk-LPF6KSF2.js?v=2ea923c2:7206
batchedUpdates$1 @ chunk-LPF6KSF2.js?v=2ea923c2:18966
batchedUpdates @ chunk-LPF6KSF2.js?v=2ea923c2:3585
dispatchEventForPluginEventSystem @ chunk-LPF6KSF2.js?v=2ea923c2:7205
dispatchEventWithEnableCapturePhaseSelectiveHydrationWithoutDiscreteEventReplay @ chunk-LPF6KSF2.js?v=2ea923c2:5484
dispatchEvent @ chunk-LPF6KSF2.js?v=2ea923c2:5478
dispatchContinuousEvent @ chunk-LPF6KSF2.js?v=2ea923c2:5467このエラーを分析
PreviewModal.tsx:1713 Unable to preventDefault inside passive event listener invocation.
preventDefault @ chunk-LPF6KSF2.js?v=2ea923c2:5775
（匿名） @ PreviewModal.tsx:1713
callCallback2 @ chunk-LPF6KSF2.js?v=2ea923c2:3680
invokeGuardedCallbackDev @ chunk-LPF6KSF2.js?v=2ea923c2:3705
invokeGuardedCallback @ chunk-LPF6KSF2.js?v=2ea923c2:3739
invokeGuardedCallbackAndCatchFirstError @ chunk-LPF6KSF2.js?v=2ea923c2:3742
executeDispatch @ chunk-LPF6KSF2.js?v=2ea923c2:7046
processDispatchQueueItemsInOrder @ chunk-LPF6KSF2.js?v=2ea923c2:7066
processDispatchQueue @ chunk-LPF6KSF2.js?v=2ea923c2:7075
dispatchEventsForPlugins @ chunk-LPF6KSF2.js?v=2ea923c2:7083
（匿名） @ chunk-LPF6KSF2.js?v=2ea923c2:7206
batchedUpdates$1 @ chunk-LPF6KSF2.js?v=2ea923c2:18966
batchedUpdates @ chunk-LPF6KSF2.js?v=2ea923c2:3585
dispatchEventForPluginEventSystem @ chunk-LPF6KSF2.js?v=2ea923c2:7205
dispatchEventWithEnableCapturePhaseSelectiveHydrationWithoutDiscreteEventReplay @ chunk-LPF6KSF2.js?v=2ea923c2:5484
dispatchEvent @ chunk-LPF6KSF2.js?v=2ea923c2:5478
dispatchContinuousEvent @ chunk-LPF6KSF2.js?v=2ea923c2:5467このエラーを分析
PreviewModal.tsx:1713 Unable to preventDefault inside passive event listener invocation.
preventDefault @ chunk-LPF6KSF2.js?v=2ea923c2:5775
（匿名） @ PreviewModal.tsx:1713
callCallback2 @ chunk-LPF6KSF2.js?v=2ea923c2:3680
invokeGuardedCallbackDev @ chunk-LPF6KSF2.js?v=2ea923c2:3705
invokeGuardedCallback @ chunk-LPF6KSF2.js?v=2ea923c2:3739
invokeGuardedCallbackAndCatchFirstError @ chunk-LPF6KSF2.js?v=2ea923c2:3742
executeDispatch @ chunk-LPF6KSF2.js?v=2ea923c2:7046
processDispatchQueueItemsInOrder @ chunk-LPF6KSF2.js?v=2ea923c2:7066
processDispatchQueue @ chunk-LPF6KSF2.js?v=2ea923c2:7075
dispatchEventsForPlugins @ chunk-LPF6KSF2.js?v=2ea923c2:7083
（匿名） @ chunk-LPF6KSF2.js?v=2ea923c2:7206
batchedUpdates$1 @ chunk-LPF6KSF2.js?v=2ea923c2:18966
batchedUpdates @ chunk-LPF6KSF2.js?v=2ea923c2:3585
dispatchEventForPluginEventSystem @ chunk-LPF6KSF2.js?v=2ea923c2:7205
dispatchEventWithEnableCapturePhaseSelectiveHydrationWithoutDiscreteEventReplay @ chunk-LPF6KSF2.js?v=2ea923c2:5484
dispatchEvent @ chunk-LPF6KSF2.js?v=2ea923c2:5478
dispatchContinuousEvent @ chunk-LPF6KSF2.js?v=2ea923c2:5467このエラーを分析
PreviewModal.tsx:1713 Unable to preventDefault inside passive event listener invocation.
preventDefault @ chunk-LPF6KSF2.js?v=2ea923c2:5775
（匿名） @ PreviewModal.tsx:1713
callCallback2 @ chunk-LPF6KSF2.js?v=2ea923c2:3680
invokeGuardedCallbackDev @ chunk-LPF6KSF2.js?v=2ea923c2:3705
invokeGuardedCallback @ chunk-LPF6KSF2.js?v=2ea923c2:3739
invokeGuardedCallbackAndCatchFirstError @ chunk-LPF6KSF2.js?v=2ea923c2:3742
executeDispatch @ chunk-LPF6KSF2.js?v=2ea923c2:7046
processDispatchQueueItemsInOrder @ chunk-LPF6KSF2.js?v=2ea923c2:7066
processDispatchQueue @ chunk-LPF6KSF2.js?v=2ea923c2:7075
dispatchEventsForPlugins @ chunk-LPF6KSF2.js?v=2ea923c2:7083
（匿名） @ chunk-LPF6KSF2.js?v=2ea923c2:7206
batchedUpdates$1 @ chunk-LPF6KSF2.js?v=2ea923c2:18966
batchedUpdates @ chunk-LPF6KSF2.js?v=2ea923c2:3585
dispatchEventForPluginEventSystem @ chunk-LPF6KSF2.js?v=2ea923c2:7205
dispatchEventWithEnableCapturePhaseSelectiveHydrationWithoutDiscreteEventReplay @ chunk-LPF6KSF2.js?v=2ea923c2:5484
dispatchEvent @ chunk-LPF6KSF2.js?v=2ea923c2:5478
dispatchContinuousEvent @ chunk-LPF6KSF2.js?v=2ea923c2:5467このエラーを分析
PreviewModal.tsx:1713 Unable to preventDefault inside passive event listener invocation.
preventDefault @ chunk-LPF6KSF2.js?v=2ea923c2:5775
（匿名） @ PreviewModal.tsx:1713
callCallback2 @ chunk-LPF6KSF2.js?v=2ea923c2:3680
invokeGuardedCallbackDev @ chunk-LPF6KSF2.js?v=2ea923c2:3705
invokeGuardedCallback @ chunk-LPF6KSF2.js?v=2ea923c2:3739
invokeGuardedCallbackAndCatchFirstError @ chunk-LPF6KSF2.js?v=2ea923c2:3742
executeDispatch @ chunk-LPF6KSF2.js?v=2ea923c2:7046
processDispatchQueueItemsInOrder @ chunk-LPF6KSF2.js?v=2ea923c2:7066
processDispatchQueue @ chunk-LPF6KSF2.js?v=2ea923c2:7075
dispatchEventsForPlugins @ chunk-LPF6KSF2.js?v=2ea923c2:7083
（匿名） @ chunk-LPF6KSF2.js?v=2ea923c2:7206
batchedUpdates$1 @ chunk-LPF6KSF2.js?v=2ea923c2:18966
batchedUpdates @ chunk-LPF6KSF2.js?v=2ea923c2:3585
dispatchEventForPluginEventSystem @ chunk-LPF6KSF2.js?v=2ea923c2:7205
dispatchEventWithEnableCapturePhaseSelectiveHydrationWithoutDiscreteEventReplay @ chunk-LPF6KSF2.js?v=2ea923c2:5484
dispatchEvent @ chunk-LPF6KSF2.js?v=2ea923c2:5478
dispatchContinuousEvent @ chunk-LPF6KSF2.js?v=2ea923c2:5467このエラーを分析
PreviewModal.tsx:1713 Unable to preventDefault inside passive event listener invocation.
preventDefault @ chunk-LPF6KSF2.js?v=2ea923c2:5775
（匿名） @ PreviewModal.tsx:1713
callCallback2 @ chunk-LPF6KSF2.js?v=2ea923c2:3680
invokeGuardedCallbackDev @ chunk-LPF6KSF2.js?v=2ea923c2:3705
invokeGuardedCallback @ chunk-LPF6KSF2.js?v=2ea923c2:3739
invokeGuardedCallbackAndCatchFirstError @ chunk-LPF6KSF2.js?v=2ea923c2:3742
executeDispatch @ chunk-LPF6KSF2.js?v=2ea923c2:7046
processDispatchQueueItemsInOrder @ chunk-LPF6KSF2.js?v=2ea923c2:7066
processDispatchQueue @ chunk-LPF6KSF2.js?v=2ea923c2:7075
dispatchEventsForPlugins @ chunk-LPF6KSF2.js?v=2ea923c2:7083
（匿名） @ chunk-LPF6KSF2.js?v=2ea923c2:7206
batchedUpdates$1 @ chunk-LPF6KSF2.js?v=2ea923c2:18966
batchedUpdates @ chunk-LPF6KSF2.js?v=2ea923c2:3585
dispatchEventForPluginEventSystem @ chunk-LPF6KSF2.js?v=2ea923c2:7205
dispatchEventWithEnableCapturePhaseSelectiveHydrationWithoutDiscreteEventReplay @ chunk-LPF6KSF2.js?v=2ea923c2:5484
dispatchEvent @ chunk-LPF6KSF2.js?v=2ea923c2:5478
dispatchContinuousEvent @ chunk-LPF6KSF2.js?v=2ea923c2:5467このエラーを分析
PreviewModal.tsx:1713 Unable to preventDefault inside passive event listener invocation.